#
# There is insufficient memory for the Java Runtime Environment to continue.
# Native memory allocation (malloc) failed to allocate 1048576 bytes for AllocateHeap
# Possible reasons:
#   The system is out of physical RAM or swap space
#   In 32 bit mode, the process size limit was hit
# Possible solutions:
#   Reduce memory load on the system
#   Increase physical memory or swap space
#   Check if swap backing store is full
#   Use 64 bit Java on a 64 bit OS
#   Decrease Java heap size (-Xmx/-Xms)
#   Decrease number of Java threads
#   Decrease Java thread stack sizes (-Xss)
#   Set larger code cache with -XX:ReservedCodeCacheSize=
# This output file may be truncated or incomplete.
#
#  Out of Memory Error (memory/allocation.inline.hpp:61), pid=27432, tid=0x0000000000005a48
#
# JRE version:  (8.0_111-b14) (build )
# Java VM: Java HotSpot(TM) 64-Bit Server VM (25.111-b14 mixed mode windows-amd64 compressed oops)
# Failed to write core dump. Minidumps are not enabled by default on client versions of Windows
#

---------------  T H R E A D  ---------------

Current thread (0x0000000002ac2800):  JavaThread "Unknown thread" [_thread_in_vm, id=23112, stack(0x00000000029c0000,0x0000000002ac0000)]

Stack: [0x00000000029c0000,0x0000000002ac0000]
[error occurred during error reporting (printing stack bounds), id 0xc0000005]

Native frames: (J=compiled Java code, j=interpreted, Vv=VM code, C=native code)


---------------  P R O C E S S  ---------------

Java Threads: ( => current thread )

Other Threads:

=>0x0000000002ac2800 (exited) JavaThread "Unknown thread" [_thread_in_vm, id=23112, stack(0x00000000029c0000,0x0000000002ac0000)]

VM state:not at safepoint (normal execution)

VM Mutex/Monitor currently owned by a thread: None

Heap:
 PSYoungGen      total 38400K, used 665K [0x00000000d5d00000, 0x00000000d8780000, 0x0000000100000000)
  eden space 33280K, 2% used [0x00000000d5d00000,0x00000000d5da6670,0x00000000d7d80000)
  from space 5120K, 0% used [0x00000000d8280000,0x00000000d8280000,0x00000000d8780000)
  to   space 5120K, 0% used [0x00000000d7d80000,0x00000000d7d80000,0x00000000d8280000)
 ParOldGen       total 87552K, used 0K [0x0000000081600000, 0x0000000086b80000, 0x00000000d5d00000)
  object space 87552K, 0% used [0x0000000081600000,0x0000000081600000,0x0000000086b80000)
 Metaspace       used 746K, capacity 4480K, committed 4480K, reserved 1056768K
  class space    used 75K, capacity 384K, committed 384K, reserved 1048576K

Card table byte_map: [0x0000000011f80000,0x0000000012380000] byte_map_base: 0x0000000011b75000

Marking Bits: (ParMarkBitMap*) 0x000000005fdba6c0
 Begin Bits: [0x0000000012a30000, 0x00000000149d8000)
 End Bits:   [0x00000000149d8000, 0x0000000016980000)

Polling page: 0x0000000001140000

CodeCache: size=245760Kb used=328Kb max_used=328Kb free=245431Kb
 bounds [0x0000000002bc0000, 0x0000000002e30000, 0x0000000011bc0000]
 total_blobs=58 nmethods=0 adapters=38
 compilation: enabled

Compilation events (0 events):
No events

GC Heap History (0 events):
No events

Deoptimization events (0 events):
No events

Internal exceptions (0 events):
No events

Events (10 events):
Event: 0.031 loading class java/lang/Short
Event: 0.031 loading class java/lang/Short done
Event: 0.031 loading class java/lang/Integer
Event: 0.031 loading class java/lang/Integer done
Event: 0.031 loading class java/lang/Long
Event: 0.031 loading class java/lang/Long done
Event: 0.034 loading class java/lang/NullPointerException
Event: 0.034 loading class java/lang/NullPointerException done
Event: 0.034 loading class java/lang/ArithmeticException
Event: 0.034 loading class java/lang/ArithmeticException done


Dynamic libraries:
0x00007ff72aae0000 - 0x00007ff72ab17000 	C:\Program Files\Java\jre1.8.0_111\bin\javaw.exe
0x00007ffeef330000 - 0x00007ffeef501000 	C:\WINDOWS\SYSTEM32\ntdll.dll
0x00007ffeeceb0000 - 0x00007ffeecf5c000 	C:\WINDOWS\System32\KERNEL32.DLL
0x00007ffeec4d0000 - 0x00007ffeec6ed000 	C:\WINDOWS\System32\KERNELBASE.dll
0x00007ffeecdd0000 - 0x00007ffeece72000 	C:\WINDOWS\System32\ADVAPI32.dll
0x00007ffeeda00000 - 0x00007ffeeda9e000 	C:\WINDOWS\System32\msvcrt.dll
0x00007ffeedaa0000 - 0x00007ffeedaf9000 	C:\WINDOWS\System32\sechost.dll
0x00007ffeecc80000 - 0x00007ffeecda1000 	C:\WINDOWS\System32\RPCRT4.dll
0x00007ffeecb10000 - 0x00007ffeecc75000 	C:\WINDOWS\System32\USER32.dll
0x00007ffeec4b0000 - 0x00007ffeec4ce000 	C:\WINDOWS\System32\win32u.dll
0x00007ffeec8c0000 - 0x00007ffeec8f4000 	C:\WINDOWS\System32\GDI32.dll
0x00007ffeec320000 - 0x00007ffeec4a2000 	C:\WINDOWS\System32\gdi32full.dll
0x00007ffee01f0000 - 0x00007ffee046a000 	C:\WINDOWS\WinSxS\amd64_microsoft.windows.common-controls_6595b64144ccf1df_6.0.14393.953_none_42151e83c686086b\COMCTL32.dll
0x00007ffeed120000 - 0x00007ffeed3e8000 	C:\WINDOWS\System32\combase.dll
0x00007ffeec050000 - 0x00007ffeec145000 	C:\WINDOWS\System32\ucrtbase.dll
0x00007ffeec150000 - 0x00007ffeec1ba000 	C:\WINDOWS\System32\bcryptPrimitives.dll
0x00007ffeece80000 - 0x00007ffeeceae000 	C:\WINDOWS\System32\IMM32.DLL
0x000000005f0c0000 - 0x000000005f192000 	C:\Program Files\Java\jre1.8.0_111\bin\msvcr100.dll
0x000000005f5a0000 - 0x000000005fe3a000 	C:\Program Files\Java\jre1.8.0_111\bin\server\jvm.dll
0x00007ffeedd80000 - 0x00007ffeedd88000 	C:\WINDOWS\System32\PSAPI.DLL
0x00007ffeea9c0000 - 0x00007ffeea9ca000 	C:\WINDOWS\SYSTEM32\VERSION.dll
0x00007ffee9270000 - 0x00007ffee9293000 	C:\WINDOWS\SYSTEM32\WINMM.dll
0x00007ffed8b70000 - 0x00007ffed8b79000 	C:\WINDOWS\SYSTEM32\WSOCK32.dll
0x00007ffeec900000 - 0x00007ffeec96a000 	C:\WINDOWS\System32\WS2_32.dll
0x00000000010f0000 - 0x000000000111b000 	C:\WINDOWS\SYSTEM32\WINMMBASE.dll
0x00007ffeec1c0000 - 0x00007ffeec202000 	C:\WINDOWS\System32\cfgmgr32.dll
0x000000005ff60000 - 0x000000005ff6f000 	C:\Program Files\Java\jre1.8.0_111\bin\verify.dll
0x000000005ff30000 - 0x000000005ff59000 	C:\Program Files\Java\jre1.8.0_111\bin\java.dll
0x000000005ff10000 - 0x000000005ff26000 	C:\Program Files\Java\jre1.8.0_111\bin\zip.dll

VM Arguments:
jvm_args: -Dfile.encoding=Cp1252 
java_command: FormSurvey
java_class_path (initial): C:\Users\sathv\workspace\StudentHub\bin;C:\Users\sathv\workspace\StudentHub\jgoodies-common-1.8.0.jar;C:\Users\sathv\workspace\StudentHub\jgoodies-forms-1.8.0.jar;C:\Users\sathv\workspace\StudentHub\lib\freetts.jar;C:\Users\sathv\workspace\StudentHub\lib\en_us.jar;C:\Users\sathv\workspace\StudentHub\lib\cmulex.jar;C:\Users\sathv\workspace\StudentHub\lib\cmu_us_kal.jar;C:\Users\sathv\workspace\StudentHub\lib\mbrola.jar;C:\Users\sathv\workspace\StudentHub\miglayout15-swing.jar;C:\Users\sathv\workspace\StudentHub\lib\marytts-builder-5.2-jar-with-dependencies.jar;C:\Users\sathv\workspace\StudentHub\lib\marytts-lang-en-5.2.jar;C:\Users\sathv\workspace\StudentHub\lib\voice-cmu-slt-hsmm-5.2.jar;C:\Users\sathv\workspace\StudentHub\lib\voice-dfki-poppy-hsmm-5.1.jar;C:\Users\sathv\workspace\StudentHub\lib\voice-dfki-prudence-hsmm-5.1.jar;C:\Users\sathv\workspace\StudentHub\Resources\sqlite-jdbc-3.7.15-M1.jar;C:\Users\sathv\workspace\StudentHub\Resources\sqlite-jdbc-3.7.15-SNAPSHOT-2.jar;C:\Users\sathv\workspace\StudentHub\Resources\sqlite-jdbc-3.7.15-SNAPSHOT-javadoc.jar;C:\Users\sathv\workspace\StudentHub\Resources\sqlite-jdbc-3.7.15-SNAPSHOT.jar;C:\Users\sathv\workspace\StudentHub\Resources\sqlite-jdbc-3.7.2-javadoc.jar;C:\Users\sathv\workspace\StudentHub\Resources\sqlite-jdbc-3.7.2.jar;C:\Users\sathv\workspace\StudentHub\Resources\sqlite-jdbc4-3.8.2-SNAPSHOT.jar;C:\Users\sathv\workspace\StudentHub\jgoodies-forms-1.8.0-sources.jar;C:\Users\sathv\Downloads\rs2xml.jar;C:\Users\sathv\Downloads\dsn-1.5.6.jar;C:\Users\sathv\Downloads\gimap-1.5.6.jar;C:\Users\sathv\Downloads\imap-1.5.6.jar;C:\Users\sathv\Downloads\pop3-1.5.6.jar;C:\Users\sathv\Downloads\smtp-1.5.6.jar;C:\Users\sathv\Downloads\mailapi-1.5.6.jar;C:\Users\sathv\Downloads\javacv-0.11-bin\javacv-bin\opencv-windows-x86.jar;C:\Users\sathv\Downloads\javacv-0.11-bin\javacv-bin\opencv-windows-x86_64.jar;C:\Users\sathv\Downloads\javacv-0.11-bin\javacv-bin\ffmpeg-windows-x86.jar;C:\Users\sathv\Do
Launcher Type: SUN_STANDARD

Environment Variables:
PATH=C:/Program Files/Java/jre1.8.0_111/bin/server;C:/Program Files/Java/jre1.8.0_111/bin;C:/Program Files/Java/jre1.8.0_111/lib/amd64;C:\ProgramData\Oracle\Java\javapath;C:\Program Files (x86)\Intel\iCLS Client\;C:\Program Files\Intel\iCLS Client\;C:\WINDOWS\system32;C:\WINDOWS;C:\WINDOWS\System32\Wbem;C:\WINDOWS\System32\WindowsPowerShell\v1.0\;C:\Program Files (x86)\Intel\Intel(R) Management Engine Components\DAL;C:\Program Files\Intel\Intel(R) Management Engine Components\DAL;C:\Program Files (x86)\Intel\Intel(R) Management Engine Components\IPT;C:\Program Files\Intel\Intel(R) Management Engine Components\IPT;C:\Program Files (x86)\IVI Foundation\VISA\WinNT\Bin;C:\Program Files\Intel\WiFi\bin\;C:\Program Files\Common Files\Intel\WirelessCommon\;C:\Users\sathv\AppData\Local\Microsoft\WindowsApps;;C:\Users\sathv\Desktop\eclipse;
USERNAME=sathv
OS=Windows_NT
PROCESSOR_IDENTIFIER=Intel64 Family 6 Model 61 Stepping 4, GenuineIntel



---------------  S Y S T E M  ---------------

OS: Windows 10.0 , 64 bit Build 14393 (10.0.14393.1198)

CPU:total 4 (2 cores per cpu, 2 threads per core) family 6 model 61 stepping 4, cmov, cx8, fxsr, mmx, sse, sse2, sse3, ssse3, sse4.1, sse4.2, popcnt, avx, avx2, aes, clmul, erms, 3dnowpref, lzcnt, ht, tsc, tscinvbit, bmi1, bmi2, adx

Memory: 4k page, physical 8296440k(2567164k free), swap 33462264k(5228k free)

vm_info: Java HotSpot(TM) 64-Bit Server VM (25.111-b14) for windows-amd64 JRE (1.8.0_111-b14), built on Sep 22 2016 19:24:05 by "java_re" with MS VC++ 10.0 (VS2010)

time: Sat May 27 15:22:28 2017
elapsed time: 0 seconds (0d 0h 0m 0s)

