#
# There is insufficient memory for the Java Runtime Environment to continue.
# Native memory allocation (malloc) failed to allocate 32744 bytes for ChunkPool::allocate
# Possible reasons:
#   The system is out of physical RAM or swap space
#   In 32 bit mode, the process size limit was hit
# Possible solutions:
#   Reduce memory load on the system
#   Increase physical memory or swap space
#   Check if swap backing store is full
#   Use 64 bit Java on a 64 bit OS
#   Decrease Java heap size (-Xmx/-Xms)
#   Decrease number of Java threads
#   Decrease Java thread stack sizes (-Xss)
#   Set larger code cache with -XX:ReservedCodeCacheSize=
# This output file may be truncated or incomplete.
#
#  Out of Memory Error (allocation.cpp:273), pid=29368, tid=0x00000000000072a4
#
# JRE version: Java(TM) SE Runtime Environment (8.0_111-b14) (build 1.8.0_111-b14)
# Java VM: Java HotSpot(TM) 64-Bit Server VM (25.111-b14 mixed mode windows-amd64 compressed oops)
# Failed to write core dump. Minidumps are not enabled by default on client versions of Windows
#

---------------  T H R E A D  ---------------

Current thread (0x0000000017968000):  JavaThread "C2 CompilerThread1" daemon [_thread_in_vm, id=29348, stack(0x00000000190b0000,0x00000000191b0000)]

Stack: [0x00000000190b0000,0x00000000191b0000]
[error occurred during error reporting (printing stack bounds), id 0xc0000005]

Native frames: (J=compiled Java code, j=interpreted, Vv=VM code, C=native code)


Current CompileTask:
C2:  49577  942       4       javax.swing.Timer$DoPostEvent::run (95 bytes)


---------------  P R O C E S S  ---------------

Java Threads: ( => current thread )
  0x0000000002c32800 JavaThread "DestroyJavaVM" [_thread_blocked, id=29364, stack(0x0000000002aa0000,0x0000000002ba0000)]
  0x0000000019699800 JavaThread "AWT-EventQueue-0" [_thread_blocked, id=29064, stack(0x000000001a2b0000,0x000000001a3b0000)]
  0x0000000019698800 JavaThread "TimerQueue" daemon [_thread_blocked, id=29392, stack(0x000000001a1b0000,0x000000001a2b0000)]
  0x0000000019676000 JavaThread "AWT-Windows" daemon [_thread_in_native, id=29372, stack(0x0000000019be0000,0x0000000019ce0000)]
  0x0000000019671800 JavaThread "AWT-Shutdown" [_thread_blocked, id=29380, stack(0x0000000019ae0000,0x0000000019be0000)]
  0x000000001966f800 JavaThread "Java2D Disposer" daemon [_thread_blocked, id=29176, stack(0x00000000199e0000,0x0000000019ae0000)]
  0x00000000192d8800 JavaThread "Service Thread" daemon [_thread_blocked, id=29068, stack(0x00000000196b0000,0x00000000197b0000)]
  0x000000001796a800 JavaThread "C1 CompilerThread2" daemon [_thread_blocked, id=29072, stack(0x00000000191b0000,0x00000000192b0000)]
=>0x0000000017968000 JavaThread "C2 CompilerThread1" daemon [_thread_in_vm, id=29348, stack(0x00000000190b0000,0x00000000191b0000)]
  0x0000000017960000 JavaThread "C2 CompilerThread0" daemon [_thread_in_native, id=29080, stack(0x0000000018fb0000,0x00000000190b0000)]
  0x000000001795e800 JavaThread "Attach Listener" daemon [_thread_blocked, id=29344, stack(0x0000000018eb0000,0x0000000018fb0000)]
  0x000000001795b800 JavaThread "Signal Dispatcher" daemon [_thread_blocked, id=10532, stack(0x0000000018db0000,0x0000000018eb0000)]
  0x0000000002d2c800 JavaThread "Finalizer" daemon [_thread_blocked, id=7956, stack(0x0000000018bc0000,0x0000000018cc0000)]
  0x0000000002d21800 JavaThread "Reference Handler" daemon [_thread_blocked, id=13208, stack(0x0000000018ac0000,0x0000000018bc0000)]

Other Threads:
  0x0000000017927800 VMThread [stack: 0x00000000189c0000,0x0000000018ac0000] [id=21468]
  0x00000000192f6000 WatcherThread [stack: 0x00000000197b0000,0x00000000198b0000] [id=29076]

VM state:not at safepoint (normal execution)

VM Mutex/Monitor currently owned by a thread: None

Heap:
 PSYoungGen      total 38400K, used 15526K [0x00000000d5d00000, 0x00000000d8780000, 0x0000000100000000)
  eden space 33280K, 46% used [0x00000000d5d00000,0x00000000d6c299d8,0x00000000d7d80000)
  from space 5120K, 0% used [0x00000000d8280000,0x00000000d8280000,0x00000000d8780000)
  to   space 5120K, 0% used [0x00000000d7d80000,0x00000000d7d80000,0x00000000d8280000)
 ParOldGen       total 87552K, used 0K [0x0000000081600000, 0x0000000086b80000, 0x00000000d5d00000)
  object space 87552K, 0% used [0x0000000081600000,0x0000000081600000,0x0000000086b80000)
 Metaspace       used 8884K, capacity 9132K, committed 9344K, reserved 1056768K
  class space    used 1049K, capacity 1124K, committed 1152K, reserved 1048576K

Card table byte_map: [0x00000000121c0000,0x00000000125c0000] byte_map_base: 0x0000000011db5000

Marking Bits: (ParMarkBitMap*) 0x000000006a93a6c0
 Begin Bits: [0x0000000012c70000, 0x0000000014c18000)
 End Bits:   [0x0000000014c18000, 0x0000000016bc0000)

Polling page: 0x00000000014e0000

CodeCache: size=245760Kb used=3335Kb max_used=3346Kb free=242424Kb
 bounds [0x0000000002e00000, 0x0000000003150000, 0x0000000011e00000]
 total_blobs=1380 nmethods=940 adapters=353
 compilation: enabled

Compilation events (10 events):
Event: 49.436 Thread 0x0000000017960000  937       4       java.util.concurrent.locks.ReentrantLock::newCondition (8 bytes)
Event: 49.439 Thread 0x0000000017960000 nmethod 937 0x00000000031202d0 code [0x0000000003120420, 0x00000000031204f8]
Event: 49.454 Thread 0x0000000017968000  938       4       java.util.concurrent.TimeUnit$3::toNanos (11 bytes)
Event: 49.455 Thread 0x0000000017968000 nmethod 938 0x000000000311ffd0 code [0x0000000003120100, 0x00000000031201d8]
Event: 49.463 Thread 0x0000000017960000  939       4       java.util.PriorityQueue::poll (64 bytes)
Event: 49.463 Thread 0x0000000017968000  940       4       javax.swing.Timer::post (36 bytes)
Event: 49.466 Thread 0x0000000017960000 nmethod 939 0x000000000311fc50 code [0x000000000311fda0, 0x000000000311feb8]
Event: 49.467 Thread 0x0000000017968000 nmethod 940 0x000000000311f890 code [0x000000000311f9e0, 0x000000000311fb28]
Event: 49.554 Thread 0x0000000017960000  941       4       javax.swing.Timer$1::run (5 bytes)
Event: 49.555 Thread 0x0000000017968000  942       4       javax.swing.Timer$DoPostEvent::run (95 bytes)

GC Heap History (0 events):
No events

Deoptimization events (3 events):
Event: 0.415 Thread 0x0000000002c32800 Uncommon trap: reason=null_check action=make_not_entrant pc=0x0000000002f71c78 method=java.lang.String.equals(Ljava/lang/Object;)Z @ 8
Event: 4.328 Thread 0x0000000019699800 Uncommon trap: reason=class_check action=maybe_recompile pc=0x00000000030426b8 method=java.util.HashMap.getNode(ILjava/lang/Object;)Ljava/util/HashMap$Node; @ 126
Event: 15.968 Thread 0x0000000019699800 Uncommon trap: reason=unstable_if action=reinterpret pc=0x0000000003104b58 method=BrickBreaker.Gameplay.actionPerformed(Ljava/awt/event/ActionEvent;)V @ 339

Internal exceptions (10 events):
Event: 0.051 Thread 0x0000000002c32800 Exception <a 'java/lang/NoSuchMethodError': Method sun.misc.Unsafe.prefetchRead(Ljava/lang/Object;J)V name or signature does not match> (0x00000000d5d07f60) thrown at [C:\re\workspace\8-2-build-windows-amd64-cygwin\jdk8u111\7883\hotspot\src\share\vm\prims
Event: 0.175 Thread 0x0000000002c32800 Exception <a 'java/security/PrivilegedActionException'> (0x00000000d5e60988) thrown at [C:\re\workspace\8-2-build-windows-amd64-cygwin\jdk8u111\7883\hotspot\src\share\vm\prims\jvm.cpp, line 1386]
Event: 0.175 Thread 0x0000000002c32800 Exception <a 'java/security/PrivilegedActionException'> (0x00000000d5e60b98) thrown at [C:\re\workspace\8-2-build-windows-amd64-cygwin\jdk8u111\7883\hotspot\src\share\vm\prims\jvm.cpp, line 1386]
Event: 0.176 Thread 0x0000000002c32800 Exception <a 'java/security/PrivilegedActionException'> (0x00000000d5e647e0) thrown at [C:\re\workspace\8-2-build-windows-amd64-cygwin\jdk8u111\7883\hotspot\src\share\vm\prims\jvm.cpp, line 1386]
Event: 0.177 Thread 0x0000000002c32800 Exception <a 'java/security/PrivilegedActionException'> (0x00000000d5e649f0) thrown at [C:\re\workspace\8-2-build-windows-amd64-cygwin\jdk8u111\7883\hotspot\src\share\vm\prims\jvm.cpp, line 1386]
Event: 0.255 Thread 0x0000000002c32800 Exception <a 'java/io/FileNotFoundException'> (0x00000000d5e66f08) thrown at [C:\re\workspace\8-2-build-windows-amd64-cygwin\jdk8u111\7883\hotspot\src\share\vm\prims\jni.cpp, line 709]
Event: 0.330 Thread 0x0000000002c32800 Exception <a 'java/lang/NoSuchFieldError': method resolution failed> (0x00000000d5f344f8) thrown at [C:\re\workspace\8-2-build-windows-amd64-cygwin\jdk8u111\7883\hotspot\src\share\vm\prims\methodHandles.cpp, line 1146]
Event: 0.333 Thread 0x0000000002c32800 Exception <a 'java/lang/NoSuchFieldError': method resolution failed> (0x00000000d5f418c8) thrown at [C:\re\workspace\8-2-build-windows-amd64-cygwin\jdk8u111\7883\hotspot\src\share\vm\prims\methodHandles.cpp, line 1146]
Event: 0.382 Thread 0x0000000002c32800 Exception <a 'java/io/FileNotFoundException'> (0x00000000d5fd57d8) thrown at [C:\re\workspace\8-2-build-windows-amd64-cygwin\jdk8u111\7883\hotspot\src\share\vm\prims\jni.cpp, line 709]
Event: 0.415 Thread 0x0000000002c32800 Implicit null exception at 0x0000000002f71aa2 to 0x0000000002f71c69

Events (10 events):
Event: 9.080 loading class java/awt/event/AWTEventListenerProxy done
Event: 9.080 loading class java/awt/Toolkit$ToolkitEventMulticaster
Event: 9.080 loading class java/awt/Toolkit$ToolkitEventMulticaster done
Event: 15.968 Thread 0x0000000019699800 Uncommon trap: trap_request=0xffffff65 fr.pc=0x0000000003104b58
Event: 15.968 Thread 0x0000000019699800 DEOPT PACKING pc=0x0000000003104b58 sp=0x000000001a3ae2b0
Event: 15.968 Thread 0x0000000019699800 DEOPT UNPACKING pc=0x0000000002e4582a sp=0x000000001a3ae240 mode 2
Event: 29.956 loading class java/security/DomainCombiner
Event: 29.957 loading class java/security/DomainCombiner done
Event: 40.635 loading class sun/awt/EventQueueDelegate$Delegate
Event: 40.636 loading class sun/awt/EventQueueDelegate$Delegate done


Dynamic libraries:
0x00007ff6c0be0000 - 0x00007ff6c0c17000 	C:\Program Files\Java\jre1.8.0_111\bin\javaw.exe
0x00007ffe8eac0000 - 0x00007ffe8ec91000 	C:\WINDOWS\SYSTEM32\ntdll.dll
0x00007ffe8c820000 - 0x00007ffe8c8cb000 	C:\WINDOWS\System32\KERNEL32.DLL
0x00007ffe8b0d0000 - 0x00007ffe8b2ed000 	C:\WINDOWS\System32\KERNELBASE.dll
0x00007ffe8ca40000 - 0x00007ffe8cae2000 	C:\WINDOWS\System32\ADVAPI32.dll
0x00007ffe8cf20000 - 0x00007ffe8cfbe000 	C:\WINDOWS\System32\msvcrt.dll
0x00007ffe8ccf0000 - 0x00007ffe8cd49000 	C:\WINDOWS\System32\sechost.dll
0x00007ffe8e580000 - 0x00007ffe8e6a1000 	C:\WINDOWS\System32\RPCRT4.dll
0x00007ffe8c8d0000 - 0x00007ffe8ca35000 	C:\WINDOWS\System32\USER32.dll
0x00007ffe8b0b0000 - 0x00007ffe8b0ce000 	C:\WINDOWS\System32\win32u.dll
0x00007ffe8cb50000 - 0x00007ffe8cb84000 	C:\WINDOWS\System32\GDI32.dll
0x00007ffe8be60000 - 0x00007ffe8bfe2000 	C:\WINDOWS\System32\gdi32full.dll
0x00007ffe80120000 - 0x00007ffe8039a000 	C:\WINDOWS\WinSxS\amd64_microsoft.windows.common-controls_6595b64144ccf1df_6.0.14393.953_none_42151e83c686086b\COMCTL32.dll
0x00007ffe8c120000 - 0x00007ffe8c3e8000 	C:\WINDOWS\System32\combase.dll
0x00007ffe8afb0000 - 0x00007ffe8b0a5000 	C:\WINDOWS\System32\ucrtbase.dll
0x00007ffe8bda0000 - 0x00007ffe8be0a000 	C:\WINDOWS\System32\bcryptPrimitives.dll
0x00007ffe8ea90000 - 0x00007ffe8eabe000 	C:\WINDOWS\System32\IMM32.DLL
0x0000000069c50000 - 0x0000000069d22000 	C:\Program Files\Java\jre1.8.0_111\bin\msvcr100.dll
0x000000006a120000 - 0x000000006a9ba000 	C:\Program Files\Java\jre1.8.0_111\bin\server\jvm.dll
0x00007ffe8e930000 - 0x00007ffe8e938000 	C:\WINDOWS\System32\PSAPI.DLL
0x00007ffe886c0000 - 0x00007ffe886e3000 	C:\WINDOWS\SYSTEM32\WINMM.dll
0x00007ffe8a180000 - 0x00007ffe8a18a000 	C:\WINDOWS\SYSTEM32\VERSION.dll
0x00007ffe7ad40000 - 0x00007ffe7ad49000 	C:\WINDOWS\SYSTEM32\WSOCK32.dll
0x00007ffe88690000 - 0x00007ffe886bb000 	C:\WINDOWS\SYSTEM32\WINMMBASE.dll
0x00007ffe8cd50000 - 0x00007ffe8cdba000 	C:\WINDOWS\System32\WS2_32.dll
0x00007ffe8be10000 - 0x00007ffe8be52000 	C:\WINDOWS\System32\cfgmgr32.dll
0x000000006af60000 - 0x000000006af6f000 	C:\Program Files\Java\jre1.8.0_111\bin\verify.dll
0x000000006a010000 - 0x000000006a039000 	C:\Program Files\Java\jre1.8.0_111\bin\java.dll
0x0000000069ff0000 - 0x000000006a006000 	C:\Program Files\Java\jre1.8.0_111\bin\zip.dll
0x00007ffe8cfc0000 - 0x00007ffe8e4c8000 	C:\WINDOWS\System32\SHELL32.dll
0x00007ffe8b610000 - 0x00007ffe8bcea000 	C:\WINDOWS\System32\windows.storage.dll
0x00007ffe8af50000 - 0x00007ffe8af9c000 	C:\WINDOWS\System32\powrprof.dll
0x00007ffe8cc90000 - 0x00007ffe8cce2000 	C:\WINDOWS\System32\shlwapi.dll
0x00007ffe8afa0000 - 0x00007ffe8afaf000 	C:\WINDOWS\System32\kernel.appcore.dll
0x00007ffe8bcf0000 - 0x00007ffe8bd99000 	C:\WINDOWS\System32\shcore.dll
0x00007ffe8af30000 - 0x00007ffe8af44000 	C:\WINDOWS\System32\profapi.dll
0x0000000069de0000 - 0x0000000069f78000 	C:\Program Files\Java\jre1.8.0_111\bin\awt.dll
0x00007ffe8e6b0000 - 0x00007ffe8e76f000 	C:\WINDOWS\System32\OLEAUT32.dll
0x00007ffe8b2f0000 - 0x00007ffe8b38c000 	C:\WINDOWS\System32\msvcp_win.dll
0x00007ffe89090000 - 0x00007ffe8910a000 	C:\WINDOWS\SYSTEM32\apphelp.dll
0x00007ffe888a0000 - 0x00007ffe888c6000 	C:\WINDOWS\system32\DWMAPI.DLL
0x00007ffe89230000 - 0x00007ffe892c5000 	C:\WINDOWS\system32\uxtheme.dll
0x00007ffe8cdc0000 - 0x00007ffe8cf1a000 	C:\WINDOWS\System32\MSCTF.dll
0x00007ffe620f0000 - 0x00007ffe62188000 	C:\Program Files\Common Files\microsoft shared\ink\tiptsf.dll
0x00007ffe8e940000 - 0x00007ffe8ea77000 	C:\WINDOWS\System32\ole32.dll
0x0000000069d80000 - 0x0000000069dc7000 	C:\Program Files\Java\jre1.8.0_111\bin\fontmanager.dll
0x00007ffe8e4d0000 - 0x00007ffe8e56f000 	C:\WINDOWS\System32\clbcatq.dll
0x00007ffe61f40000 - 0x00007ffe620ea000 	C:\Windows\System32\uiautomationcore.dll
0x00007ffe8a680000 - 0x00007ffe8a69f000 	C:\Windows\System32\USERENV.dll
0x00007ffe8adc0000 - 0x00007ffe8ae58000 	C:\WINDOWS\SYSTEM32\sxs.dll
0x00007ffe7ec20000 - 0x00007ffe7ec85000 	C:\Windows\System32\OLEACC.dll
0x00007ffe63120000 - 0x00007ffe6319d000 	C:\WINDOWS\SYSTEM32\twinapi.dll
0x00007ffe895d0000 - 0x00007ffe896ec000 	C:\WINDOWS\SYSTEM32\twinapi.appcore.dll
0x00007ffe8ae60000 - 0x00007ffe8ae8b000 	C:\WINDOWS\SYSTEM32\bcrypt.dll
0x0000000069fd0000 - 0x0000000069fea000 	C:\Program Files\Java\jre1.8.0_111\bin\net.dll
0x00007ffe8a7f0000 - 0x00007ffe8a84c000 	C:\WINDOWS\system32\mswsock.dll
0x0000000069fb0000 - 0x0000000069fc1000 	C:\Program Files\Java\jre1.8.0_111\bin\nio.dll
0x0000000069d30000 - 0x0000000069d72000 	C:\Program Files\Java\jre1.8.0_111\bin\t2k.dll

VM Arguments:
jvm_args: -Dfile.encoding=Cp1252 
java_command: BrickBreaker.Center
java_class_path (initial): C:\Users\sathv\workspace\StudentHub\bin;C:\Users\sathv\workspace\StudentHub\jgoodies-common-1.8.0.jar;C:\Users\sathv\workspace\StudentHub\jgoodies-forms-1.8.0.jar;C:\Users\sathv\workspace\StudentHub\lib\freetts.jar;C:\Users\sathv\workspace\StudentHub\lib\en_us.jar;C:\Users\sathv\workspace\StudentHub\lib\cmulex.jar;C:\Users\sathv\workspace\StudentHub\lib\cmu_us_kal.jar;C:\Users\sathv\workspace\StudentHub\lib\mbrola.jar;C:\Users\sathv\workspace\StudentHub\miglayout15-swing.jar;C:\Users\sathv\workspace\StudentHub\lib\marytts-builder-5.2-jar-with-dependencies.jar;C:\Users\sathv\workspace\StudentHub\lib\marytts-lang-en-5.2.jar;C:\Users\sathv\workspace\StudentHub\lib\voice-cmu-slt-hsmm-5.2.jar;C:\Users\sathv\workspace\StudentHub\lib\voice-dfki-poppy-hsmm-5.1.jar;C:\Users\sathv\workspace\StudentHub\lib\voice-dfki-prudence-hsmm-5.1.jar;C:\Users\sathv\workspace\StudentHub\Resources\sqlite-jdbc-3.7.15-M1.jar;C:\Users\sathv\workspace\StudentHub\Resources\sqlite-jdbc-3.7.15-SNAPSHOT-2.jar;C:\Users\sathv\workspace\StudentHub\Resources\sqlite-jdbc-3.7.15-SNAPSHOT-javadoc.jar;C:\Users\sathv\workspace\StudentHub\Resources\sqlite-jdbc-3.7.15-SNAPSHOT.jar;C:\Users\sathv\workspace\StudentHub\Resources\sqlite-jdbc-3.7.2-javadoc.jar;C:\Users\sathv\workspace\StudentHub\Resources\sqlite-jdbc-3.7.2.jar;C:\Users\sathv\workspace\StudentHub\Resources\sqlite-jdbc4-3.8.2-SNAPSHOT.jar;C:\Users\sathv\workspace\StudentHub\jgoodies-forms-1.8.0-sources.jar;C:\Users\sathv\Downloads\rs2xml.jar;C:\Users\sathv\Downloads\dsn-1.5.6.jar;C:\Users\sathv\Downloads\gimap-1.5.6.jar;C:\Users\sathv\Downloads\imap-1.5.6.jar;C:\Users\sathv\Downloads\pop3-1.5.6.jar;C:\Users\sathv\Downloads\smtp-1.5.6.jar;C:\Users\sathv\Downloads\mailapi-1.5.6.jar;C:\Users\sathv\Downloads\javacv-0.11-bin\javacv-bin\opencv-windows-x86.jar;C:\Users\sathv\Downloads\javacv-0.11-bin\javacv-bin\opencv-windows-x86_64.jar;C:\Users\sathv\Downloads\javacv-0.11-bin\javacv-bin\ffmpeg-windows-x86.jar;C:\Users\sathv\Do
Launcher Type: SUN_STANDARD

Environment Variables:
PATH=C:/Program Files/Java/jre1.8.0_111/bin/server;C:/Program Files/Java/jre1.8.0_111/bin;C:/Program Files/Java/jre1.8.0_111/lib/amd64;C:\ProgramData\Oracle\Java\javapath;C:\Program Files (x86)\Intel\iCLS Client\;C:\Program Files\Intel\iCLS Client\;C:\WINDOWS\system32;C:\WINDOWS;C:\WINDOWS\System32\Wbem;C:\WINDOWS\System32\WindowsPowerShell\v1.0\;C:\Program Files (x86)\Intel\Intel(R) Management Engine Components\DAL;C:\Program Files\Intel\Intel(R) Management Engine Components\DAL;C:\Program Files (x86)\Intel\Intel(R) Management Engine Components\IPT;C:\Program Files\Intel\Intel(R) Management Engine Components\IPT;C:\Program Files (x86)\IVI Foundation\VISA\WinNT\Bin;C:\Program Files\Intel\WiFi\bin\;C:\Program Files\Common Files\Intel\WirelessCommon\;C:\Users\sathv\AppData\Local\Microsoft\WindowsApps;;C:\Users\sathv\Desktop\eclipse;
USERNAME=sathv
OS=Windows_NT
PROCESSOR_IDENTIFIER=Intel64 Family 6 Model 61 Stepping 4, GenuineIntel



---------------  S Y S T E M  ---------------

OS: Windows 10.0 , 64 bit Build 14393 (10.0.14393.0)

CPU:total 4 (2 cores per cpu, 2 threads per core) family 6 model 61 stepping 4, cmov, cx8, fxsr, mmx, sse, sse2, sse3, ssse3, sse4.1, sse4.2, popcnt, avx, avx2, aes, clmul, erms, 3dnowpref, lzcnt, ht, tsc, tscinvbit, bmi1, bmi2, adx

Memory: 4k page, physical 8296440k(2190948k free), swap 33462264k(620k free)

vm_info: Java HotSpot(TM) 64-Bit Server VM (25.111-b14) for windows-amd64 JRE (1.8.0_111-b14), built on Sep 22 2016 19:24:05 by "java_re" with MS VC++ 10.0 (VS2010)

time: Sat May 06 22:17:18 2017
elapsed time: 49 seconds (0d 0h 0m 49s)

